d:\code\cg\directx-graphics-samples-master\d3dbook\chapter 20 shadow mapping\shadows\x64\debug\vc143.pdb
d:\code\cg\directx-graphics-samples-master\d3dbook\chapter 20 shadow mapping\shadows\x64\debug\vc143.idb
d:\code\cg\directx-graphics-samples-master\d3dbook\chapter 20 shadow mapping\shadows\x64\debug\shadowmapapp.obj
d:\code\cg\directx-graphics-samples-master\d3dbook\chapter 20 shadow mapping\shadows\x64\debug\shadowmap.obj
d:\code\cg\directx-graphics-samples-master\d3dbook\chapter 20 shadow mapping\shadows\x64\debug\frameresource.obj
d:\code\cg\directx-graphics-samples-master\d3dbook\chapter 20 shadow mapping\shadows\x64\debug\mathhelper.obj
d:\code\cg\directx-graphics-samples-master\d3dbook\chapter 20 shadow mapping\shadows\x64\debug\geometrygenerator.obj
d:\code\cg\directx-graphics-samples-master\d3dbook\chapter 20 shadow mapping\shadows\x64\debug\gametimer.obj
d:\code\cg\directx-graphics-samples-master\d3dbook\chapter 20 shadow mapping\shadows\x64\debug\ddstextureloader.obj
d:\code\cg\directx-graphics-samples-master\d3dbook\chapter 20 shadow mapping\shadows\x64\debug\d3dutil.obj
d:\code\cg\directx-graphics-samples-master\d3dbook\chapter 20 shadow mapping\shadows\x64\debug\d3dapp.obj
d:\code\cg\directx-graphics-samples-master\d3dbook\chapter 20 shadow mapping\shadows\x64\debug\camera.obj
d:\code\engine\shadowrenderer\code\shadows\x64\debug\vc143.pdb
d:\code\engine\shadowrenderer\code\shadows\x64\debug\vc143.idb
d:\code\engine\shadowrenderer\code\shadows\x64\debug\shadowmapapp.obj
d:\code\engine\shadowrenderer\code\shadows\x64\debug\shadowmap.obj
d:\code\engine\shadowrenderer\code\shadows\x64\debug\frameresource.obj
d:\code\engine\shadowrenderer\code\shadows\x64\debug\mathhelper.obj
d:\code\engine\shadowrenderer\code\shadows\x64\debug\geometrygenerator.obj
d:\code\engine\shadowrenderer\code\shadows\x64\debug\gametimer.obj
d:\code\engine\shadowrenderer\code\shadows\x64\debug\ddstextureloader.obj
d:\code\engine\shadowrenderer\code\shadows\x64\debug\d3dutil.obj
d:\code\engine\shadowrenderer\code\shadows\x64\debug\d3dapp.obj
d:\code\engine\shadowrenderer\code\shadows\x64\debug\camera.obj
d:\code\cg\directx-graphics-samples-master\d3dbook\chapter 20 shadow mapping\shadows\x64\debug\shadows.exe
d:\code\cg\directx-graphics-samples-master\d3dbook\chapter 20 shadow mapping\shadows\x64\debug\shadows.ilk
d:\code\cg\directx-graphics-samples-master\d3dbook\chapter 20 shadow mapping\shadows\x64\debug\shadows.pdb
d:\code\engine\shadowrenderer\code\shadows\x64\debug\shadows.exe
d:\code\engine\shadowrenderer\code\shadows\x64\debug\shadows.ilk
d:\code\engine\shadowrenderer\code\shadows\x64\debug\shadows.pdb
d:\code\engine\shadowrenderer\code\shadows\x64\debug\shadows.tlog\cl.command.1.tlog
d:\code\engine\shadowrenderer\code\shadows\x64\debug\shadows.tlog\cl.read.1.tlog
d:\code\engine\shadowrenderer\code\shadows\x64\debug\shadows.tlog\cl.write.1.tlog
d:\code\engine\shadowrenderer\code\shadows\x64\debug\shadows.tlog\fxc.command.1.tlog
d:\code\engine\shadowrenderer\code\shadows\x64\debug\shadows.tlog\fxc.read.1.tlog
d:\code\engine\shadowrenderer\code\shadows\x64\debug\shadows.tlog\link.command.1.tlog
d:\code\engine\shadowrenderer\code\shadows\x64\debug\shadows.tlog\link.read.1.tlog
d:\code\engine\shadowrenderer\code\shadows\x64\debug\shadows.tlog\link.write.1.tlog
